Сборка начата 10.04.2019 20:16:15.
     1>Проект "D:\My_projects_С++\laba4sem2\laba4sem2\laba4sem2.vcxproj" в узле 2 (целевые объекты Build).
     1>Link:
         C:\Program Files (x86)\Microsoft Visual Studio 12.0\VC\bin\link.exe /ERRORREPORT:PROMPT /OUT:"D:\My_projects_С++\laba4sem2\Debug\laba4sem2.exe" /INCREMENTAL /NOLOGO kernel32.lib user32.lib gdi32.lib winspool.lib comdlg32.lib advapi32.lib shell32.lib ole32.lib oleaut32.lib uuid.lib odbc32.lib odbccp32.lib /MANIFEST /MANIFESTUAC:"level='asInvoker' uiAccess='false'" /manifest:embed /DEBUG /PDB:"D:\My_projects_С++\laba4sem2\Debug\laba4sem2.pdb" /SUBSYSTEM:CONSOLE /TLBID:1 /DYNAMICBASE /NXCOMPAT /IMPLIB:"D:\My_projects_С++\laba4sem2\Debug\laba4sem2.lib" /MACHINE:X86 Debug\main.obj
     1>main.obj : error LNK2019: ссылка на неразрешенный внешний символ "void __cdecl add(struct stud *,int)" (?add@@YAXPAUstud@@H@Z) в функции _main
     1>D:\My_projects_С++\laba4sem2\Debug\laba4sem2.exe : fatal error LNK1120: неразрешенных внешних элементов: 1
     1>Сборка проекта "D:\My_projects_С++\laba4sem2\laba4sem2\laba4sem2.vcxproj" завершена (целевые объекты Build) с ошибкой.

Ошибка сборки.

Затраченное время: 00:00:00.35
